2016-02-01 02:22:38 -  - exec CUpdateClientPartner::SearchModulesEx
2016-02-01 02:22:38 -  - exec CUpdateClientPartner::__CollectRequestData
2016-02-01 02:22:38 -  - utf=Y&lang=ru&stable=Y&CANGZIP=Y&SUPD_DBS=MYSQL&XE=N&CLIENT_SITE=tovarov.top&LICENSE_KEY=X&SUPD_STS=1&SUPD_URS=0&SUPD_URSA=1&TYPENC=F&CLIENT_PHPVER=5.4.40&dbv=5.6.26&instm=main%2C15.5.10%2CN%3Blists%2C15.5.3%2CN%3Bclouds%2C15.5.1%2CN%3Bcluster%2C15.5.0%2CN%3Bsocialnetwork%2C15.5.5%2CN%3Bmail%2C15.5.1%2CN%3Bfileman%2C15.5.2%2CN%3Bblog%2C15.5.4%2CN%3Bsecurity%2C15.5.4%2CN%3Bidea%2C15.0.1%2CN%3Bim%2C15.5.15%2CN%3Bsearch%2C15.5.1%2CN%3Bsupport%2C15.5.0%2CN%3Bforum%2C15.5.3%2CN%3Bconversion%2C15.5.5%2CN%3Bbitrix.sitecorporate%2C15.0.0%2CN%3Blearning%2C15.5.0%2CN%3Bbizproc%2C15.6.1%2CN%3Bseo%2C15.5.5%2CN%3Bcatalog%2C15.5.9%2CN%3Bbitrix.sitecommunity%2C15.0.0%2CN%3Bpull%2C15.5.8%2CN%3Bhighloadblock%2C15.5.0%2CN%3Bsale%2C15.5.11%2CN%3Bphotogallery%2C15.0.0%2CN%3Bwiki%2C15.5.0%2CN%3Bperfmon%2C15.5.1%2CN%3Bform%2C15.0.2%2CN%3Bbitrix.sitepersonal%2C15.0.0%2CN%3Badvertising%2C15.5.3%2CN%3Bsender%2C15.5.3%2CN%3Bbitrix.eshop%2C15.5.2%2CN%3Bvote%2C15.5.0%2CN%3Bsocialservices%2C15.5.3%2CN%3Bbizprocdesigner%2C15.5.0%2CN%3Bcalendar%2C15.5.0%2CN%3Btranslate%2C14.0.0%2CN%3Babtest%2C15.5.5%2CN%3Biblock%2C15.5.11%2CN%3Bscale%2C14.5.2%2CN%3Bsubscribe%2C15.0.2%2CN%3Breport%2C15.0.0%2CN%3Bcurrency%2C15.5.2%2CN%3Bcompression%2C14.0.0%2CN%3Bwebservice%2C11.5.0%2CN%3Bldap%2C15.5.0%2CN%3Bmobileapp%2C15.5.7%2CN%3Bstoreassist%2C15.0.3%2CN%3Bbitrixcloud%2C15.5.0%2CN%3Bstatistic%2C15.0.1%2CN%3Beshopapp%2C15.0.0%2CN%3Bworkflow%2C14.5.1%2CN&search_module_id=&search_module=&search_category=7%2C14&search_type=&search_order=DESC&search_order_by=SORT&search_page=1&SUPD_SRS=0&SUPD_CMP=N
2016-02-01 02:22:38 -  - exec CUpdateClientPartner::GetHTTPPage
2016-02-01 02:22:39 -  - TIME SearchModulesEx(request) 1.001 sec
2016-02-01 02:22:39 -  - exec CUpdateClientPartner::ParseServerData
2016-02-01 02:22:49 -  - exec CUpdateClientPartner::LoadModuleNoDemand
2016-02-01 02:22:49 -  - exec CUpdateClientPartner::__CollectRequestData
2016-02-01 02:22:49 -  - utf=Y&lang=ru&stable=Y&CANGZIP=Y&SUPD_DBS=MYSQL&XE=N&CLIENT_SITE=tovarov.top&LICENSE_KEY=X&SUPD_STS=1&SUPD_URS=0&SUPD_URSA=1&TYPENC=F&CLIENT_PHPVER=5.4.40&dbv=5.6.26&instm=main%2C15.5.10%2CN%3Blists%2C15.5.3%2CN%3Bclouds%2C15.5.1%2CN%3Bcluster%2C15.5.0%2CN%3Bsocialnetwork%2C15.5.5%2CN%3Bmail%2C15.5.1%2CN%3Bfileman%2C15.5.2%2CN%3Bblog%2C15.5.4%2CN%3Bsecurity%2C15.5.4%2CN%3Bidea%2C15.0.1%2CN%3Bim%2C15.5.15%2CN%3Bsearch%2C15.5.1%2CN%3Bsupport%2C15.5.0%2CN%3Bforum%2C15.5.3%2CN%3Bconversion%2C15.5.5%2CN%3Bbitrix.sitecorporate%2C15.0.0%2CN%3Blearning%2C15.5.0%2CN%3Bbizproc%2C15.6.1%2CN%3Bseo%2C15.5.5%2CN%3Bcatalog%2C15.5.9%2CN%3Bbitrix.sitecommunity%2C15.0.0%2CN%3Bpull%2C15.5.8%2CN%3Bhighloadblock%2C15.5.0%2CN%3Bsale%2C15.5.11%2CN%3Bphotogallery%2C15.0.0%2CN%3Bwiki%2C15.5.0%2CN%3Bperfmon%2C15.5.1%2CN%3Bform%2C15.0.2%2CN%3Bbitrix.sitepersonal%2C15.0.0%2CN%3Badvertising%2C15.5.3%2CN%3Bsender%2C15.5.3%2CN%3Bbitrix.eshop%2C15.5.2%2CN%3Bvote%2C15.5.0%2CN%3Bsocialservices%2C15.5.3%2CN%3Bbizprocdesigner%2C15.5.0%2CN%3Bcalendar%2C15.5.0%2CN%3Btranslate%2C14.0.0%2CN%3Babtest%2C15.5.5%2CN%3Biblock%2C15.5.11%2CN%3Bscale%2C14.5.2%2CN%3Bsubscribe%2C15.0.2%2CN%3Breport%2C15.0.0%2CN%3Bcurrency%2C15.5.2%2CN%3Bcompression%2C14.0.0%2CN%3Bwebservice%2C11.5.0%2CN%3Bldap%2C15.5.0%2CN%3Bmobileapp%2C15.5.7%2CN%3Bstoreassist%2C15.0.3%2CN%3Bbitrixcloud%2C15.5.0%2CN%3Bstatistic%2C15.0.1%2CN%3Beshopapp%2C15.0.0%2CN%3Bworkflow%2C14.5.1%2CN&reqm=advent.youstore&lim=Y&SUPD_SRS=0&SUPD_CMP=N
2016-02-01 02:22:49 -  - exec CUpdateClientPartner::GetHTTPPage
2016-02-01 02:23:02 -  - TIME LoadModuleNoDemand(request) 13.392 sec
2016-02-01 02:23:02 -  - exec CUpdateClientPartner::UnGzipArchive
2016-02-01 02:23:04 -  - TIME UnGzipArchive 1.723 sec
2016-02-01 02:23:04 -  - exec CUpdateClientPartner::GetStepUpdateInfo
2016-02-01 02:23:04 -  - exec CUpdateClientPartner::ParseServerData
2016-02-01 02:23:05 -  - TIME UpdateStepModules 1.259 sec
2016-02-01 02:37:22 -  - exec CUpdateClientPartner::GetUpdatesList
2016-02-01 02:37:22 -  - exec CUpdateClientPartner::__CollectRequestData
2016-02-01 02:37:22 -  - utf=Y&lang=ru&stable=Y&CANGZIP=Y&SUPD_DBS=MYSQL&XE=N&CLIENT_SITE=tovarov.top&LICENSE_KEY=X&SUPD_STS=1&SUPD_URS=0&SUPD_URSA=1&TYPENC=F&CLIENT_PHPVER=5.4.40&dbv=5.6.26&instm=main%2C15.5.10%2CN%3Blists%2C15.5.3%2CN%3Bclouds%2C15.5.1%2CN%3Bcluster%2C15.5.0%2CN%3Bsocialnetwork%2C15.5.5%2CN%3Bmail%2C15.5.1%2CN%3Bfileman%2C15.5.2%2CN%3Bblog%2C15.5.4%2CN%3Bsecurity%2C15.5.4%2CN%3Bidea%2C15.0.1%2CN%3Bim%2C15.5.15%2CN%3Bsearch%2C15.5.1%2CN%3Bsupport%2C15.5.0%2CN%3Bforum%2C15.5.3%2CN%3Bconversion%2C15.5.5%2CN%3Bbitrix.sitecorporate%2C15.0.0%2CN%3Blearning%2C15.5.0%2CN%3Bbizproc%2C15.6.1%2CN%3Bseo%2C15.5.5%2CN%3Bcatalog%2C15.5.9%2CN%3Bbitrix.sitecommunity%2C15.0.0%2CN%3Bpull%2C15.5.8%2CN%3Bhighloadblock%2C15.5.0%2CN%3Bsale%2C15.5.11%2CN%3Bphotogallery%2C15.0.0%2CN%3Bwiki%2C15.5.0%2CN%3Bperfmon%2C15.5.1%2CN%3Bform%2C15.0.2%2CN%3Bbitrix.sitepersonal%2C15.0.0%2CN%3Badvertising%2C15.5.3%2CN%3Bsender%2C15.5.3%2CN%3Bbitrix.eshop%2C15.5.2%2CN%3Bvote%2C15.5.0%2CN%3Badvent.youstore%2C1.0.0%2CN%3Bsocialservices%2C15.5.3%2CN%3Bbizprocdesigner%2C15.5.0%2CN%3Bcalendar%2C15.5.0%2CN%3Btranslate%2C14.0.0%2CN%3Babtest%2C15.5.5%2CN%3Biblock%2C15.5.11%2CN%3Bscale%2C14.5.2%2CN%3Bsubscribe%2C15.0.2%2CN%3Breport%2C15.0.0%2CN%3Bcurrency%2C15.5.2%2CN%3Bcompression%2C14.0.0%2CN%3Bwebservice%2C11.5.0%2CN%3Bldap%2C15.5.0%2CN%3Bmobileapp%2C15.5.7%2CN%3Bstoreassist%2C15.0.3%2CN%3Bbitrixcloud%2C15.5.0%2CN%3Bstatistic%2C15.0.1%2CN%3Beshopapp%2C15.0.0%2CN%3Bworkflow%2C14.5.1%2CN&reqm=bitrix.sitecorporate%2Cbitrix.sitecommunity%2Cbitrix.sitepersonal%2Cbitrix.eshop%2Cadvent.youstore&SUPD_SRS=0&SUPD_CMP=N
2016-02-01 02:37:22 -  - exec CUpdateClientPartner::GetHTTPPage
2016-02-01 02:37:23 -  - TIME GetUpdatesList(request) 0.495 sec
2016-02-01 02:37:23 -  - exec CUpdateClientPartner::ParseServerData
2016-02-01 02:37:41 -  - exec CUpdateClientPartner::GetUpdatesList
2016-02-01 02:37:41 -  - exec CUpdateClientPartner::__CollectRequestData
2016-02-01 02:37:41 -  - utf=Y&lang=ru&stable=Y&CANGZIP=Y&SUPD_DBS=MYSQL&XE=N&CLIENT_SITE=tovarov.top&LICENSE_KEY=X&SUPD_STS=1&SUPD_URS=0&SUPD_URSA=1&TYPENC=F&CLIENT_PHPVER=5.4.40&dbv=5.6.26&instm=main%2C15.5.10%2CN%3Blists%2C15.5.3%2CN%3Bclouds%2C15.5.1%2CN%3Bcluster%2C15.5.0%2CN%3Bsocialnetwork%2C15.5.5%2CN%3Bmail%2C15.5.1%2CN%3Bfileman%2C15.5.2%2CN%3Bblog%2C15.5.4%2CN%3Bsecurity%2C15.5.4%2CN%3Bidea%2C15.0.1%2CN%3Bim%2C15.5.15%2CN%3Bsearch%2C15.5.1%2CN%3Bsupport%2C15.5.0%2CN%3Bforum%2C15.5.3%2CN%3Bconversion%2C15.5.5%2CN%3Bbitrix.sitecorporate%2C15.0.0%2CN%3Blearning%2C15.5.0%2CN%3Bbizproc%2C15.6.1%2CN%3Bseo%2C15.5.5%2CN%3Bcatalog%2C15.5.9%2CN%3Bbitrix.sitecommunity%2C15.0.0%2CN%3Bpull%2C15.5.8%2CN%3Bhighloadblock%2C15.5.0%2CN%3Bsale%2C15.5.11%2CN%3Bphotogallery%2C15.0.0%2CN%3Bwiki%2C15.5.0%2CN%3Bperfmon%2C15.5.1%2CN%3Bform%2C15.0.2%2CN%3Bbitrix.sitepersonal%2C15.0.0%2CN%3Badvertising%2C15.5.3%2CN%3Bsender%2C15.5.3%2CN%3Bbitrix.eshop%2C15.5.2%2CN%3Bvote%2C15.5.0%2CN%3Badvent.youstore%2C1.0.0%2CN%3Bsocialservices%2C15.5.3%2CN%3Bbizprocdesigner%2C15.5.0%2CN%3Bcalendar%2C15.5.0%2CN%3Btranslate%2C14.0.0%2CN%3Babtest%2C15.5.5%2CN%3Biblock%2C15.5.11%2CN%3Bscale%2C14.5.2%2CN%3Bsubscribe%2C15.0.2%2CN%3Breport%2C15.0.0%2CN%3Bcurrency%2C15.5.2%2CN%3Bcompression%2C14.0.0%2CN%3Bwebservice%2C11.5.0%2CN%3Bldap%2C15.5.0%2CN%3Bmobileapp%2C15.5.7%2CN%3Bstoreassist%2C15.0.3%2CN%3Bbitrixcloud%2C15.5.0%2CN%3Bstatistic%2C15.0.1%2CN%3Beshopapp%2C15.0.0%2CN%3Bworkflow%2C14.5.1%2CN&reqm=bitrix.sitecorporate%2Cbitrix.sitecommunity%2Cbitrix.sitepersonal%2Cbitrix.eshop%2Cadvent.youstore&SUPD_SRS=0&SUPD_CMP=N
2016-02-01 02:37:41 -  - exec CUpdateClientPartner::GetHTTPPage
2016-02-01 02:37:41 -  - TIME GetUpdatesList(request) 0.281 sec
2016-02-01 02:37:41 -  - exec CUpdateClientPartner::ParseServerData
2016-02-01 02:37:43 -  - exec CUpdateClientPartner::LoadModulesUpdates
2016-02-01 02:37:43 -  - exec CUpdateClientPartner::__CollectRequestData
2016-02-01 02:37:43 -  - utf=Y&lang=ru&stable=Y&CANGZIP=Y&SUPD_DBS=MYSQL&XE=N&CLIENT_SITE=tovarov.top&LICENSE_KEY=X&SUPD_STS=1&SUPD_URS=0&SUPD_URSA=1&TYPENC=F&CLIENT_PHPVER=5.4.40&dbv=5.6.26&instm=main%2C15.5.10%2CN%3Blists%2C15.5.3%2CN%3Bclouds%2C15.5.1%2CN%3Bcluster%2C15.5.0%2CN%3Bsocialnetwork%2C15.5.5%2CN%3Bmail%2C15.5.1%2CN%3Bfileman%2C15.5.2%2CN%3Bblog%2C15.5.4%2CN%3Bsecurity%2C15.5.4%2CN%3Bidea%2C15.0.1%2CN%3Bim%2C15.5.15%2CN%3Bsearch%2C15.5.1%2CN%3Bsupport%2C15.5.0%2CN%3Bforum%2C15.5.3%2CN%3Bconversion%2C15.5.5%2CN%3Bbitrix.sitecorporate%2C15.0.0%2CN%3Blearning%2C15.5.0%2CN%3Bbizproc%2C15.6.1%2CN%3Bseo%2C15.5.5%2CN%3Bcatalog%2C15.5.9%2CN%3Bbitrix.sitecommunity%2C15.0.0%2CN%3Bpull%2C15.5.8%2CN%3Bhighloadblock%2C15.5.0%2CN%3Bsale%2C15.5.11%2CN%3Bphotogallery%2C15.0.0%2CN%3Bwiki%2C15.5.0%2CN%3Bperfmon%2C15.5.1%2CN%3Bform%2C15.0.2%2CN%3Bbitrix.sitepersonal%2C15.0.0%2CN%3Badvertising%2C15.5.3%2CN%3Bsender%2C15.5.3%2CN%3Bbitrix.eshop%2C15.5.2%2CN%3Bvote%2C15.5.0%2CN%3Badvent.youstore%2C1.0.0%2CN%3Bsocialservices%2C15.5.3%2CN%3Bbizprocdesigner%2C15.5.0%2CN%3Bcalendar%2C15.5.0%2CN%3Btranslate%2C14.0.0%2CN%3Babtest%2C15.5.5%2CN%3Biblock%2C15.5.11%2CN%3Bscale%2C14.5.2%2CN%3Bsubscribe%2C15.0.2%2CN%3Breport%2C15.0.0%2CN%3Bcurrency%2C15.5.2%2CN%3Bcompression%2C14.0.0%2CN%3Bwebservice%2C11.5.0%2CN%3Bldap%2C15.5.0%2CN%3Bmobileapp%2C15.5.7%2CN%3Bstoreassist%2C15.0.3%2CN%3Bbitrixcloud%2C15.5.0%2CN%3Bstatistic%2C15.0.1%2CN%3Beshopapp%2C15.0.0%2CN%3Bworkflow%2C14.5.1%2CN&reqm=bitrix.sitecorporate%2Cbitrix.sitecommunity%2Cbitrix.sitepersonal%2Cbitrix.eshop%2Cadvent.youstore&SUPD_SRS=0&SUPD_CMP=N
2016-02-01 02:37:43 -  - exec CUpdateClientPartner::GetHTTPPage
2016-02-01 02:37:44 -  - TIME LoadModulesUpdates(request) 0.302 sec
2016-02-01 02:37:44 -  - exec CUpdateClientPartner::ParseServerData
2016-02-01 02:37:44 - LMU01 - LoadModulesUpdates-Step
2016-02-01 02:37:44 -  - exec CUpdateClientPartner::LoadModulesUpdates
2016-02-01 02:37:44 -  - exec CUpdateClientPartner::__CollectRequestData
2016-02-01 02:37:44 -  - exec CUpdateClientPartner::ParseServerData
2016-02-01 02:37:44 - DOWNLOAD - Time - 0.26553392410278 sec
2016-02-01 02:37:44 -  - exec CUpdateClientPartner::UnGzipArchive
2016-02-01 02:37:44 -  - TIME UnGzipArchive 0.001 sec
2016-02-01 02:37:44 - CSURUS1 - Run updater '/bitrix/updates/update_m1454283464/advent.youstore/updater1.0.1.php'
2016-02-01 02:37:44 -  - TIME UpdateStepModules 0.002 sec
2016-02-01 02:37:44 - UPD_SUCCESS - Updated: advent.youstore (1.0.1)<br>Мелкие исправления
2016-02-01 02:37:44 -  - exec CUpdateClientPartner::LoadModulesUpdates
2016-02-01 02:37:44 -  - exec CUpdateClientPartner::__CollectRequestData
2016-02-01 02:37:44 -  - utf=Y&lang=ru&stable=Y&CANGZIP=Y&SUPD_DBS=MYSQL&XE=N&CLIENT_SITE=tovarov.top&LICENSE_KEY=X&SUPD_STS=1&SUPD_URS=0&SUPD_URSA=1&TYPENC=F&CLIENT_PHPVER=5.4.40&dbv=5.6.26&instm=main%2C15.5.10%2CN%3Blists%2C15.5.3%2CN%3Bclouds%2C15.5.1%2CN%3Bcluster%2C15.5.0%2CN%3Bsocialnetwork%2C15.5.5%2CN%3Bmail%2C15.5.1%2CN%3Bfileman%2C15.5.2%2CN%3Bblog%2C15.5.4%2CN%3Bsecurity%2C15.5.4%2CN%3Bidea%2C15.0.1%2CN%3Bim%2C15.5.15%2CN%3Bsearch%2C15.5.1%2CN%3Bsupport%2C15.5.0%2CN%3Bforum%2C15.5.3%2CN%3Bconversion%2C15.5.5%2CN%3Bbitrix.sitecorporate%2C15.0.0%2CN%3Blearning%2C15.5.0%2CN%3Bbizproc%2C15.6.1%2CN%3Bseo%2C15.5.5%2CN%3Bcatalog%2C15.5.9%2CN%3Bbitrix.sitecommunity%2C15.0.0%2CN%3Bpull%2C15.5.8%2CN%3Bhighloadblock%2C15.5.0%2CN%3Bsale%2C15.5.11%2CN%3Bphotogallery%2C15.0.0%2CN%3Bwiki%2C15.5.0%2CN%3Bperfmon%2C15.5.1%2CN%3Bform%2C15.0.2%2CN%3Bbitrix.sitepersonal%2C15.0.0%2CN%3Badvertising%2C15.5.3%2CN%3Bsender%2C15.5.3%2CN%3Bbitrix.eshop%2C15.5.2%2CN%3Bvote%2C15.5.0%2CN%3Badvent.youstore%2C1.0.1%2CN%3Bsocialservices%2C15.5.3%2CN%3Bbizprocdesigner%2C15.5.0%2CN%3Bcalendar%2C15.5.0%2CN%3Btranslate%2C14.0.0%2CN%3Babtest%2C15.5.5%2CN%3Biblock%2C15.5.11%2CN%3Bscale%2C14.5.2%2CN%3Bsubscribe%2C15.0.2%2CN%3Breport%2C15.0.0%2CN%3Bcurrency%2C15.5.2%2CN%3Bcompression%2C14.0.0%2CN%3Bwebservice%2C11.5.0%2CN%3Bldap%2C15.5.0%2CN%3Bmobileapp%2C15.5.7%2CN%3Bstoreassist%2C15.0.3%2CN%3Bbitrixcloud%2C15.5.0%2CN%3Bstatistic%2C15.0.1%2CN%3Beshopapp%2C15.0.0%2CN%3Bworkflow%2C14.5.1%2CN&reqm=bitrix.sitecorporate%2Cbitrix.sitecommunity%2Cbitrix.sitepersonal%2Cbitrix.eshop%2Cadvent.youstore&SUPD_SRS=0&SUPD_CMP=N
2016-02-01 02:37:44 -  - exec CUpdateClientPartner::GetHTTPPage
2016-02-01 02:37:44 -  - TIME LoadModulesUpdates(request) 0.265 sec
2016-02-01 02:37:44 -  - exec CUpdateClientPartner::ParseServerData
2016-02-01 02:37:44 - LMU01 - LoadModulesUpdates-Step
2016-02-01 02:37:44 -  - exec CUpdateClientPartner::LoadModulesUpdates
2016-02-01 02:37:44 -  - exec CUpdateClientPartner::__CollectRequestData
2016-02-01 02:37:45 -  - exec CUpdateClientPartner::ParseServerData
2016-02-01 02:37:46 - DOWNLOAD - Time - 1.1001129150391 sec
2016-02-01 02:37:46 -  - exec CUpdateClientPartner::UnGzipArchive
2016-02-01 02:37:46 -  - TIME UnGzipArchive 0.238 sec
2016-02-01 02:37:46 - CSURUS1 - Run updater '/bitrix/updates/update_m1454283466/advent.youstore/updater1.1.0.php'
2016-02-01 02:37:47 -  - TIME UpdateStepModules 1.15 sec
2016-02-01 02:37:47 - UPD_SUCCESS - Updated: advent.youstore (1.1.0)<br>Адаптивная верстка. Композит. Оптимизация скорости сайта.
2016-02-01 02:37:47 -  - exec CUpdateClientPartner::LoadModulesUpdates
2016-02-01 02:37:47 -  - exec CUpdateClientPartner::__CollectRequestData
2016-02-01 02:37:47 -  - utf=Y&lang=ru&stable=Y&CANGZIP=Y&SUPD_DBS=MYSQL&XE=N&CLIENT_SITE=tovarov.top&LICENSE_KEY=X&SUPD_STS=1&SUPD_URS=0&SUPD_URSA=1&TYPENC=F&CLIENT_PHPVER=5.4.40&dbv=5.6.26&instm=main%2C15.5.10%2CN%3Blists%2C15.5.3%2CN%3Bclouds%2C15.5.1%2CN%3Bcluster%2C15.5.0%2CN%3Bsocialnetwork%2C15.5.5%2CN%3Bmail%2C15.5.1%2CN%3Bfileman%2C15.5.2%2CN%3Bblog%2C15.5.4%2CN%3Bsecurity%2C15.5.4%2CN%3Bidea%2C15.0.1%2CN%3Bim%2C15.5.15%2CN%3Bsearch%2C15.5.1%2CN%3Bsupport%2C15.5.0%2CN%3Bforum%2C15.5.3%2CN%3Bconversion%2C15.5.5%2CN%3Bbitrix.sitecorporate%2C15.0.0%2CN%3Blearning%2C15.5.0%2CN%3Bbizproc%2C15.6.1%2CN%3Bseo%2C15.5.5%2CN%3Bcatalog%2C15.5.9%2CN%3Bbitrix.sitecommunity%2C15.0.0%2CN%3Bpull%2C15.5.8%2CN%3Bhighloadblock%2C15.5.0%2CN%3Bsale%2C15.5.11%2CN%3Bphotogallery%2C15.0.0%2CN%3Bwiki%2C15.5.0%2CN%3Bperfmon%2C15.5.1%2CN%3Bform%2C15.0.2%2CN%3Bbitrix.sitepersonal%2C15.0.0%2CN%3Badvertising%2C15.5.3%2CN%3Bsender%2C15.5.3%2CN%3Bbitrix.eshop%2C15.5.2%2CN%3Bvote%2C15.5.0%2CN%3Badvent.youstore%2C1.1.0%2CN%3Bsocialservices%2C15.5.3%2CN%3Bbizprocdesigner%2C15.5.0%2CN%3Bcalendar%2C15.5.0%2CN%3Btranslate%2C14.0.0%2CN%3Babtest%2C15.5.5%2CN%3Biblock%2C15.5.11%2CN%3Bscale%2C14.5.2%2CN%3Bsubscribe%2C15.0.2%2CN%3Breport%2C15.0.0%2CN%3Bcurrency%2C15.5.2%2CN%3Bcompression%2C14.0.0%2CN%3Bwebservice%2C11.5.0%2CN%3Bldap%2C15.5.0%2CN%3Bmobileapp%2C15.5.7%2CN%3Bstoreassist%2C15.0.3%2CN%3Bbitrixcloud%2C15.5.0%2CN%3Bstatistic%2C15.0.1%2CN%3Beshopapp%2C15.0.0%2CN%3Bworkflow%2C14.5.1%2CN&reqm=bitrix.sitecorporate%2Cbitrix.sitecommunity%2Cbitrix.sitepersonal%2Cbitrix.eshop%2Cadvent.youstore&SUPD_SRS=0&SUPD_CMP=N
2016-02-01 02:37:47 -  - exec CUpdateClientPartner::GetHTTPPage
2016-02-01 02:37:47 -  - TIME LoadModulesUpdates(request) 0.328 sec
2016-02-01 02:37:47 -  - exec CUpdateClientPartner::ParseServerData
2016-02-01 02:37:47 - LMU01 - LoadModulesUpdates-Step
2016-02-01 02:37:47 -  - exec CUpdateClientPartner::LoadModulesUpdates
2016-02-01 02:37:47 -  - exec CUpdateClientPartner::__CollectRequestData
2016-02-01 02:37:47 -  - exec CUpdateClientPartner::ParseServerData
2016-02-01 02:37:48 - DOWNLOAD - Time - 0.3395209312439 sec
2016-02-01 02:37:48 -  - exec CUpdateClientPartner::UnGzipArchive
2016-02-01 02:37:48 -  - TIME UnGzipArchive 0.006 sec
2016-02-01 02:37:48 - CSURUS1 - Run updater '/bitrix/updates/update_m1454283468/advent.youstore/updater1.1.2.php'
2016-02-01 02:37:48 -  - TIME UpdateStepModules 0.02 sec
2016-02-01 02:37:48 - UPD_SUCCESS - Updated: advent.youstore (1.1.2)<br>€справление багов, незамеченных в обновлении 1.1.1, а именно: - быстрый просмотр карточки товара; - работа отзывов в карточке товара; - кнопка \"‚ыйти с личного кабинета\"; - HTML5-валидациЯ на поле e-mail.
2016-02-01 02:37:48 -  - exec CUpdateClientPartner::LoadModulesUpdates
2016-02-01 02:37:48 -  - exec CUpdateClientPartner::__CollectRequestData
2016-02-01 02:37:48 -  - utf=Y&lang=ru&stable=Y&CANGZIP=Y&SUPD_DBS=MYSQL&XE=N&CLIENT_SITE=tovarov.top&LICENSE_KEY=X&SUPD_STS=1&SUPD_URS=0&SUPD_URSA=1&TYPENC=F&CLIENT_PHPVER=5.4.40&dbv=5.6.26&instm=main%2C15.5.10%2CN%3Blists%2C15.5.3%2CN%3Bclouds%2C15.5.1%2CN%3Bcluster%2C15.5.0%2CN%3Bsocialnetwork%2C15.5.5%2CN%3Bmail%2C15.5.1%2CN%3Bfileman%2C15.5.2%2CN%3Bblog%2C15.5.4%2CN%3Bsecurity%2C15.5.4%2CN%3Bidea%2C15.0.1%2CN%3Bim%2C15.5.15%2CN%3Bsearch%2C15.5.1%2CN%3Bsupport%2C15.5.0%2CN%3Bforum%2C15.5.3%2CN%3Bconversion%2C15.5.5%2CN%3Bbitrix.sitecorporate%2C15.0.0%2CN%3Blearning%2C15.5.0%2CN%3Bbizproc%2C15.6.1%2CN%3Bseo%2C15.5.5%2CN%3Bcatalog%2C15.5.9%2CN%3Bbitrix.sitecommunity%2C15.0.0%2CN%3Bpull%2C15.5.8%2CN%3Bhighloadblock%2C15.5.0%2CN%3Bsale%2C15.5.11%2CN%3Bphotogallery%2C15.0.0%2CN%3Bwiki%2C15.5.0%2CN%3Bperfmon%2C15.5.1%2CN%3Bform%2C15.0.2%2CN%3Bbitrix.sitepersonal%2C15.0.0%2CN%3Badvertising%2C15.5.3%2CN%3Bsender%2C15.5.3%2CN%3Bbitrix.eshop%2C15.5.2%2CN%3Bvote%2C15.5.0%2CN%3Badvent.youstore%2C1.1.2%2CN%3Bsocialservices%2C15.5.3%2CN%3Bbizprocdesigner%2C15.5.0%2CN%3Bcalendar%2C15.5.0%2CN%3Btranslate%2C14.0.0%2CN%3Babtest%2C15.5.5%2CN%3Biblock%2C15.5.11%2CN%3Bscale%2C14.5.2%2CN%3Bsubscribe%2C15.0.2%2CN%3Breport%2C15.0.0%2CN%3Bcurrency%2C15.5.2%2CN%3Bcompression%2C14.0.0%2CN%3Bwebservice%2C11.5.0%2CN%3Bldap%2C15.5.0%2CN%3Bmobileapp%2C15.5.7%2CN%3Bstoreassist%2C15.0.3%2CN%3Bbitrixcloud%2C15.5.0%2CN%3Bstatistic%2C15.0.1%2CN%3Beshopapp%2C15.0.0%2CN%3Bworkflow%2C14.5.1%2CN&reqm=bitrix.sitecorporate%2Cbitrix.sitecommunity%2Cbitrix.sitepersonal%2Cbitrix.eshop%2Cadvent.youstore&SUPD_SRS=0&SUPD_CMP=N
2016-02-01 02:37:48 -  - exec CUpdateClientPartner::GetHTTPPage
2016-02-01 02:37:48 -  - TIME LoadModulesUpdates(request) 0.278 sec
2016-02-01 02:37:48 -  - exec CUpdateClientPartner::ParseServerData
2016-02-01 02:37:48 - LMU01 - LoadModulesUpdates-Step
2016-02-01 02:37:48 -  - exec CUpdateClientPartner::LoadModulesUpdates
2016-02-01 02:37:48 -  - exec CUpdateClientPartner::__CollectRequestData
2016-02-01 02:37:48 -  - exec CUpdateClientPartner::ParseServerData
2016-02-01 02:37:49 - DOWNLOAD - Time - 0.55017805099487 sec
2016-02-01 02:37:49 -  - exec CUpdateClientPartner::UnGzipArchive
2016-02-01 02:37:49 -  - TIME UnGzipArchive 0.032 sec
2016-02-01 02:37:49 - CSURUS1 - Run updater '/bitrix/updates/update_m1454283469/advent.youstore/updater1.1.3.php'
2016-02-01 02:37:49 -  - TIME UpdateStepModules 0.512 sec
2016-02-01 02:37:49 - UPD_SUCCESS - Updated: advent.youstore (1.1.3)<br><strong>Новое обновление для YouStore</strong> <ul> <li>Устранена ошибка базы данных в редактировании профиля</li> <li>Добавлены иконки для категорий в каталоге</li> <li>Обновление подвала сайта</li> <li>Исправление цены в торговых предложениях</li> <li>Более плавная анимация мини-корзины</li> <li>Удаление дубля ссылки скрытия links</li> <li>\"Информмация\" на \"информация\" в быстром просмотре</li> <li>Возобновлена работа energosoft.group.property</li> <li>Добавлены стили для скидок в каталоге и карте товара</li> <li>Обновлен fancybox</li> <li>Исправлена ошибка кода вызова компонентов в шапке сайта</li> <li>Устранен вывод ошибок платежных систем в публичную часть сайта</li> <li>Добавлены рабочие соц.ссылки \"Поделиться\" в карту товара и быстрый просмотр</li> </ul> Если вы уже установили с помощью мастера наше решение, то данное обновление внесет изменения в уже установленный YouStore. Будьте внимательны! Обновление предназначено для чистого решения YouStore. Если после установки вы внесли изменения в исходный код нашего решения, то обновление может повредить ваш сайт. 
2016-02-01 02:37:49 -  - exec CUpdateClientPartner::LoadModulesUpdates
2016-02-01 02:37:49 -  - exec CUpdateClientPartner::__CollectRequestData
2016-02-01 02:37:49 -  - utf=Y&lang=ru&stable=Y&CANGZIP=Y&SUPD_DBS=MYSQL&XE=N&CLIENT_SITE=tovarov.top&LICENSE_KEY=X&SUPD_STS=1&SUPD_URS=0&SUPD_URSA=1&TYPENC=F&CLIENT_PHPVER=5.4.40&dbv=5.6.26&instm=main%2C15.5.10%2CN%3Blists%2C15.5.3%2CN%3Bclouds%2C15.5.1%2CN%3Bcluster%2C15.5.0%2CN%3Bsocialnetwork%2C15.5.5%2CN%3Bmail%2C15.5.1%2CN%3Bfileman%2C15.5.2%2CN%3Bblog%2C15.5.4%2CN%3Bsecurity%2C15.5.4%2CN%3Bidea%2C15.0.1%2CN%3Bim%2C15.5.15%2CN%3Bsearch%2C15.5.1%2CN%3Bsupport%2C15.5.0%2CN%3Bforum%2C15.5.3%2CN%3Bconversion%2C15.5.5%2CN%3Bbitrix.sitecorporate%2C15.0.0%2CN%3Blearning%2C15.5.0%2CN%3Bbizproc%2C15.6.1%2CN%3Bseo%2C15.5.5%2CN%3Bcatalog%2C15.5.9%2CN%3Bbitrix.sitecommunity%2C15.0.0%2CN%3Bpull%2C15.5.8%2CN%3Bhighloadblock%2C15.5.0%2CN%3Bsale%2C15.5.11%2CN%3Bphotogallery%2C15.0.0%2CN%3Bwiki%2C15.5.0%2CN%3Bperfmon%2C15.5.1%2CN%3Bform%2C15.0.2%2CN%3Bbitrix.sitepersonal%2C15.0.0%2CN%3Badvertising%2C15.5.3%2CN%3Bsender%2C15.5.3%2CN%3Bbitrix.eshop%2C15.5.2%2CN%3Bvote%2C15.5.0%2CN%3Badvent.youstore%2C1.1.3%2CN%3Bsocialservices%2C15.5.3%2CN%3Bbizprocdesigner%2C15.5.0%2CN%3Bcalendar%2C15.5.0%2CN%3Btranslate%2C14.0.0%2CN%3Babtest%2C15.5.5%2CN%3Biblock%2C15.5.11%2CN%3Bscale%2C14.5.2%2CN%3Bsubscribe%2C15.0.2%2CN%3Breport%2C15.0.0%2CN%3Bcurrency%2C15.5.2%2CN%3Bcompression%2C14.0.0%2CN%3Bwebservice%2C11.5.0%2CN%3Bldap%2C15.5.0%2CN%3Bmobileapp%2C15.5.7%2CN%3Bstoreassist%2C15.0.3%2CN%3Bbitrixcloud%2C15.5.0%2CN%3Bstatistic%2C15.0.1%2CN%3Beshopapp%2C15.0.0%2CN%3Bworkflow%2C14.5.1%2CN&reqm=bitrix.sitecorporate%2Cbitrix.sitecommunity%2Cbitrix.sitepersonal%2Cbitrix.eshop%2Cadvent.youstore&SUPD_SRS=0&SUPD_CMP=N
2016-02-01 02:37:49 -  - exec CUpdateClientPartner::GetHTTPPage
2016-02-01 02:37:50 -  - TIME LoadModulesUpdates(request) 0.325 sec
2016-02-01 02:37:50 -  - exec CUpdateClientPartner::ParseServerData
2016-02-01 02:37:50 - STEP - Finish - NOUPDATES
2016-02-01 02:37:50 - STEP - Finish - NOUPDATES
2016-02-01 02:38:04 -  - exec CUpdateClientPartner::GetUpdatesList
2016-02-01 02:38:04 -  - exec CUpdateClientPartner::__CollectRequestData
2016-02-01 02:38:04 -  - utf=Y&lang=ru&stable=Y&CANGZIP=Y&SUPD_DBS=MYSQL&XE=N&CLIENT_SITE=tovarov.top&LICENSE_KEY=X&SUPD_STS=1&SUPD_URS=0&SUPD_URSA=1&TYPENC=F&CLIENT_PHPVER=5.4.40&dbv=5.6.26&instm=main%2C15.5.10%2CN%3Blists%2C15.5.3%2CN%3Bclouds%2C15.5.1%2CN%3Bcluster%2C15.5.0%2CN%3Bsocialnetwork%2C15.5.5%2CN%3Bmail%2C15.5.1%2CN%3Bfileman%2C15.5.2%2CN%3Bblog%2C15.5.4%2CN%3Bsecurity%2C15.5.4%2CN%3Bidea%2C15.0.1%2CN%3Bim%2C15.5.15%2CN%3Bsearch%2C15.5.1%2CN%3Bsupport%2C15.5.0%2CN%3Bforum%2C15.5.3%2CN%3Bconversion%2C15.5.5%2CN%3Bbitrix.sitecorporate%2C15.0.0%2CN%3Blearning%2C15.5.0%2CN%3Bbizproc%2C15.6.1%2CN%3Bseo%2C15.5.5%2CN%3Bcatalog%2C15.5.9%2CN%3Bbitrix.sitecommunity%2C15.0.0%2CN%3Bpull%2C15.5.8%2CN%3Bhighloadblock%2C15.5.0%2CN%3Bsale%2C15.5.11%2CN%3Bphotogallery%2C15.0.0%2CN%3Bwiki%2C15.5.0%2CN%3Bperfmon%2C15.5.1%2CN%3Bform%2C15.0.2%2CN%3Bbitrix.sitepersonal%2C15.0.0%2CN%3Badvertising%2C15.5.3%2CN%3Bsender%2C15.5.3%2CN%3Bbitrix.eshop%2C15.5.2%2CN%3Bvote%2C15.5.0%2CN%3Badvent.youstore%2C1.1.3%2CN%3Bsocialservices%2C15.5.3%2CN%3Bbizprocdesigner%2C15.5.0%2CN%3Bcalendar%2C15.5.0%2CN%3Btranslate%2C14.0.0%2CN%3Babtest%2C15.5.5%2CN%3Biblock%2C15.5.11%2CN%3Bscale%2C14.5.2%2CN%3Bsubscribe%2C15.0.2%2CN%3Breport%2C15.0.0%2CN%3Bcurrency%2C15.5.2%2CN%3Bcompression%2C14.0.0%2CN%3Bwebservice%2C11.5.0%2CN%3Bldap%2C15.5.0%2CN%3Bmobileapp%2C15.5.7%2CN%3Bstoreassist%2C15.0.3%2CN%3Bbitrixcloud%2C15.5.0%2CN%3Bstatistic%2C15.0.1%2CN%3Beshopapp%2C15.0.0%2CN%3Bworkflow%2C14.5.1%2CN&reqm=bitrix.sitecorporate%2Cbitrix.sitecommunity%2Cbitrix.sitepersonal%2Cbitrix.eshop%2Cadvent.youstore&fullmoduleinfo=Y&SUPD_SRS=0&SUPD_CMP=N
2016-02-01 02:38:04 -  - exec CUpdateClientPartner::GetHTTPPage
2016-02-01 02:38:04 -  - TIME GetUpdatesList(request) 0.339 sec
2016-02-01 02:38:04 -  - exec CUpdateClientPartner::ParseServerData
2016-02-01 02:38:04 -  - exec CUpdateClientPartner::GetUpdatesList
2016-02-01 02:38:04 -  - exec CUpdateClientPartner::__CollectRequestData
2016-02-01 02:38:04 -  - utf=Y&lang=ru&stable=Y&CANGZIP=Y&SUPD_DBS=MYSQL&XE=N&CLIENT_SITE=tovarov.top&LICENSE_KEY=X&SUPD_STS=1&SUPD_URS=0&SUPD_URSA=1&TYPENC=F&CLIENT_PHPVER=5.4.40&dbv=5.6.26&instm=main%2C15.5.10%2CN%3Blists%2C15.5.3%2CN%3Bclouds%2C15.5.1%2CN%3Bcluster%2C15.5.0%2CN%3Bsocialnetwork%2C15.5.5%2CN%3Bmail%2C15.5.1%2CN%3Bfileman%2C15.5.2%2CN%3Bblog%2C15.5.4%2CN%3Bsecurity%2C15.5.4%2CN%3Bidea%2C15.0.1%2CN%3Bim%2C15.5.15%2CN%3Bsearch%2C15.5.1%2CN%3Bsupport%2C15.5.0%2CN%3Bforum%2C15.5.3%2CN%3Bconversion%2C15.5.5%2CN%3Bbitrix.sitecorporate%2C15.0.0%2CN%3Blearning%2C15.5.0%2CN%3Bbizproc%2C15.6.1%2CN%3Bseo%2C15.5.5%2CN%3Bcatalog%2C15.5.9%2CN%3Bbitrix.sitecommunity%2C15.0.0%2CN%3Bpull%2C15.5.8%2CN%3Bhighloadblock%2C15.5.0%2CN%3Bsale%2C15.5.11%2CN%3Bphotogallery%2C15.0.0%2CN%3Bwiki%2C15.5.0%2CN%3Bperfmon%2C15.5.1%2CN%3Bform%2C15.0.2%2CN%3Bbitrix.sitepersonal%2C15.0.0%2CN%3Badvertising%2C15.5.3%2CN%3Bsender%2C15.5.3%2CN%3Bbitrix.eshop%2C15.5.2%2CN%3Bvote%2C15.5.0%2CN%3Badvent.youstore%2C1.1.3%2CN%3Bsocialservices%2C15.5.3%2CN%3Bbizprocdesigner%2C15.5.0%2CN%3Bcalendar%2C15.5.0%2CN%3Btranslate%2C14.0.0%2CN%3Babtest%2C15.5.5%2CN%3Biblock%2C15.5.11%2CN%3Bscale%2C14.5.2%2CN%3Bsubscribe%2C15.0.2%2CN%3Breport%2C15.0.0%2CN%3Bcurrency%2C15.5.2%2CN%3Bcompression%2C14.0.0%2CN%3Bwebservice%2C11.5.0%2CN%3Bldap%2C15.5.0%2CN%3Bmobileapp%2C15.5.7%2CN%3Bstoreassist%2C15.0.3%2CN%3Bbitrixcloud%2C15.5.0%2CN%3Bstatistic%2C15.0.1%2CN%3Beshopapp%2C15.0.0%2CN%3Bworkflow%2C14.5.1%2CN&reqm=bitrix.sitecorporate%2Cbitrix.sitecommunity%2Cbitrix.sitepersonal%2Cbitrix.eshop%2Cadvent.youstore&fullmoduleinfo=Y&SUPD_SRS=0&SUPD_CMP=N
2016-02-01 02:38:04 -  - exec CUpdateClientPartner::GetHTTPPage
2016-02-01 02:38:04 -  - TIME GetUpdatesList(request) 0.287 sec
2016-02-01 02:38:04 -  - exec CUpdateClientPartner::ParseServerData
2016-02-01 02:38:11 -  - exec CUpdateClientPartner::GetUpdatesList
2016-02-01 02:38:11 -  - exec CUpdateClientPartner::__CollectRequestData
2016-02-01 02:38:11 -  - utf=Y&lang=ru&stable=Y&CANGZIP=Y&SUPD_DBS=MYSQL&XE=N&CLIENT_SITE=tovarov.top&LICENSE_KEY=X&SUPD_STS=1&SUPD_URS=0&SUPD_URSA=1&TYPENC=F&CLIENT_PHPVER=5.4.40&dbv=5.6.26&instm=main%2C15.5.10%2CN%3Blists%2C15.5.3%2CN%3Bclouds%2C15.5.1%2CN%3Bcluster%2C15.5.0%2CN%3Bsocialnetwork%2C15.5.5%2CN%3Bmail%2C15.5.1%2CN%3Bfileman%2C15.5.2%2CN%3Bblog%2C15.5.4%2CN%3Bsecurity%2C15.5.4%2CN%3Bidea%2C15.0.1%2CN%3Bim%2C15.5.15%2CN%3Bsearch%2C15.5.1%2CN%3Bsupport%2C15.5.0%2CN%3Bforum%2C15.5.3%2CN%3Bconversion%2C15.5.5%2CN%3Bbitrix.sitecorporate%2C15.0.0%2CN%3Blearning%2C15.5.0%2CN%3Bbizproc%2C15.6.1%2CN%3Bseo%2C15.5.5%2CN%3Bcatalog%2C15.5.9%2CN%3Bbitrix.sitecommunity%2C15.0.0%2CN%3Bpull%2C15.5.8%2CN%3Bhighloadblock%2C15.5.0%2CN%3Bsale%2C15.5.11%2CN%3Bphotogallery%2C15.0.0%2CN%3Bwiki%2C15.5.0%2CN%3Bperfmon%2C15.5.1%2CN%3Bform%2C15.0.2%2CN%3Bbitrix.sitepersonal%2C15.0.0%2CN%3Badvertising%2C15.5.3%2CN%3Bsender%2C15.5.3%2CN%3Bbitrix.eshop%2C15.5.2%2CN%3Bvote%2C15.5.0%2CN%3Badvent.youstore%2C1.1.3%2CN%3Bsocialservices%2C15.5.3%2CN%3Bbizprocdesigner%2C15.5.0%2CN%3Bcalendar%2C15.5.0%2CN%3Btranslate%2C14.0.0%2CN%3Babtest%2C15.5.5%2CN%3Biblock%2C15.5.11%2CN%3Bscale%2C14.5.2%2CN%3Bsubscribe%2C15.0.2%2CN%3Breport%2C15.0.0%2CN%3Bcurrency%2C15.5.2%2CN%3Bcompression%2C14.0.0%2CN%3Bwebservice%2C11.5.0%2CN%3Bldap%2C15.5.0%2CN%3Bmobileapp%2C15.5.7%2CN%3Bstoreassist%2C15.0.3%2CN%3Bbitrixcloud%2C15.5.0%2CN%3Bstatistic%2C15.0.1%2CN%3Beshopapp%2C15.0.0%2CN%3Bworkflow%2C14.5.1%2CN&reqm=bitrix.sitecorporate%2Cbitrix.sitecommunity%2Cbitrix.sitepersonal%2Cbitrix.eshop%2Cadvent.youstore&SUPD_SRS=0&SUPD_CMP=N
2016-02-01 02:38:11 -  - exec CUpdateClientPartner::GetHTTPPage
2016-02-01 02:38:11 -  - TIME GetUpdatesList(request) 0.293 sec
2016-02-01 02:38:11 -  - exec CUpdateClientPartner::ParseServerData
